{"/home/jordan/github/capstone/plantdaddy/app.js": {"path":"/home/jordan/github/capstone/plantdaddy/app.js","statementMap":{"0":{"start":{"line":1,"column":20},"end":{"line":1,"column":42}},"1":{"start":{"line":2,"column":16},"end":{"line":2,"column":34}},"2":{"start":{"line":3,"column":16},"end":{"line":3,"column":42}},"3":{"start":{"line":4,"column":14},"end":{"line":4,"column":32}},"4":{"start":{"line":6,"column":19},"end":{"line":6,"column":52}},"5":{"start":{"line":7,"column":15},"end":{"line":7,"column":32}},"6":{"start":{"line":8,"column":20},"end":{"line":8,"column":42}},"7":{"start":{"line":9,"column":17},"end":{"line":9,"column":39}},"8":{"start":{"line":11,"column":13},"end":{"line":11,"column":28}},"9":{"start":{"line":12,"column":21},"end":{"line":12,"column":45}},"10":{"start":{"line":13,"column":15},"end":{"line":13,"column":32}},"11":{"start":{"line":16,"column":20},"end":{"line":16,"column":45}},"12":{"start":{"line":17,"column":20},"end":{"line":17,"column":45}},"13":{"start":{"line":18,"column":21},"end":{"line":18,"column":47}},"14":{"start":{"line":20,"column":12},"end":{"line":20,"column":21}},"15":{"start":{"line":22,"column":13},"end":{"line":22,"column":45}},"16":{"start":{"line":24,"column":12},"end":{"line":24,"column":38}},"17":{"start":{"line":27,"column":0},"end":{"line":27,"column":48}},"18":{"start":{"line":28,"column":0},"end":{"line":28,"column":30}},"19":{"start":{"line":30,"column":0},"end":{"line":42,"column":2}},"20":{"start":{"line":44,"column":0},"end":{"line":44,"column":23}},"21":{"start":{"line":45,"column":0},"end":{"line":45,"column":18}},"22":{"start":{"line":46,"column":0},"end":{"line":46,"column":23}},"23":{"start":{"line":47,"column":0},"end":{"line":47,"column":24}},"24":{"start":{"line":48,"column":0},"end":{"line":48,"column":49}},"25":{"start":{"line":49,"column":0},"end":{"line":49,"column":24}},"26":{"start":{"line":50,"column":0},"end":{"line":50,"column":56}},"27":{"start":{"line":52,"column":0},"end":{"line":52,"column":26}},"28":{"start":{"line":53,"column":0},"end":{"line":53,"column":33}},"29":{"start":{"line":56,"column":0},"end":{"line":58,"column":3}},"30":{"start":{"line":57,"column":2},"end":{"line":57,"column":25}},"31":{"start":{"line":61,"column":0},"end":{"line":72,"column":3}},"32":{"start":{"line":63,"column":2},"end":{"line":63,"column":35}},"33":{"start":{"line":64,"column":2},"end":{"line":64,"column":69}},"34":{"start":{"line":66,"column":2},"end":{"line":71,"column":3}},"35":{"start":{"line":67,"column":4},"end":{"line":67,"column":34}},"36":{"start":{"line":68,"column":4},"end":{"line":68,"column":31}},"37":{"start":{"line":70,"column":4},"end":{"line":70,"column":34}},"38":{"start":{"line":74,"column":0},"end":{"line":74,"column":21}}},"fnMap":{"0":{"name":"(anonymous_0)","decl":{"start":{"line":56,"column":8},"end":{"line":56,"column":9}},"loc":{"start":{"line":56,"column":33},"end":{"line":58,"column":1}},"line":56},"1":{"name":"(anonymous_1)","decl":{"start":{"line":61,"column":8},"end":{"line":61,"column":9}},"loc":{"start":{"line":61,"column":38},"end":{"line":72,"column":1}},"line":61}},"branchMap":{"0":{"loc":{"start":{"line":64,"column":21},"end":{"line":64,"column":68}},"type":"cond-expr","locations":[{"start":{"line":64,"column":60},"end":{"line":64,"column":63}},{"start":{"line":64,"column":66},"end":{"line":64,"column":68}}],"line":64},"1":{"loc":{"start":{"line":66,"column":2},"end":{"line":71,"column":3}},"type":"if","locations":[{"start":{"line":66,"column":2},"end":{"line":71,"column":3}},{"start":{"line":66,"column":2},"end":{"line":71,"column":3}}],"line":66},"2":{"loc":{"start":{"line":66,"column":6},"end":{"line":66,"column":75}},"type":"binary-expr","locations":[{"start":{"line":66,"column":6},"end":{"line":66,"column":42}},{"start":{"line":66,"column":46},"end":{"line":66,"column":75}}],"line":66},"3":{"loc":{"start":{"line":67,"column":15},"end":{"line":67,"column":32}},"type":"binary-expr","locations":[{"start":{"line":67,"column":15},"end":{"line":67,"column":25}},{"start":{"line":67,"column":29},"end":{"line":67,"column":32}}],"line":67}},"s":{"0":2,"1":2,"2":2,"3":2,"4":2,"5":2,"6":2,"7":2,"8":2,"9":2,"10":2,"11":2,"12":2,"13":2,"14":2,"15":2,"16":2,"17":2,"18":2,"19":2,"20":2,"21":2,"22":2,"23":2,"24":2,"25":2,"26":2,"27":2,"28":2,"29":2,"30":2,"31":2,"32":2,"33":2,"34":2,"35":2,"36":2,"37":0,"38":2},"f":{"0":2,"1":2},"b":{"0":[0,2],"1":[2,0],"2":[2,2],"3":[2,0]},"_coverageSchema":"43e27e138ebf9cfc5966b082cf9a028302ed4184","hash":"af260569779ee2808067ff16c0454d5c74a142ef"}
,"/home/jordan/github/capstone/plantdaddy/config.js": {"path":"/home/jordan/github/capstone/plantdaddy/config.js","statementMap":{"0":{"start":{"line":1,"column":0},"end":{"line":1,"column":27}},"1":{"start":{"line":4,"column":2},"end":{"line":10,"column":3}},"2":{"start":{"line":5,"column":4},"end":{"line":5,"column":36}},"3":{"start":{"line":6,"column":9},"end":{"line":10,"column":3}},"4":{"start":{"line":7,"column":4},"end":{"line":7,"column":145}},"5":{"start":{"line":9,"column":4},"end":{"line":9,"column":144}},"6":{"start":{"line":14,"column":17},"end":{"line":14,"column":30}},"7":{"start":{"line":17,"column":21},"end":{"line":17,"column":58}},"8":{"start":{"line":19,"column":13},"end":{"line":22,"column":2}},"9":{"start":{"line":24,"column":0},"end":{"line":24,"column":26}}},"fnMap":{"0":{"name":"getConnectionString","decl":{"start":{"line":3,"column":9},"end":{"line":3,"column":28}},"loc":{"start":{"line":3,"column":31},"end":{"line":11,"column":1}},"line":3}},"branchMap":{"0":{"loc":{"start":{"line":4,"column":2},"end":{"line":10,"column":3}},"type":"if","locations":[{"start":{"line":4,"column":2},"end":{"line":10,"column":3}},{"start":{"line":4,"column":2},"end":{"line":10,"column":3}}],"line":4},"1":{"loc":{"start":{"line":6,"column":9},"end":{"line":10,"column":3}},"type":"if","locations":[{"start":{"line":6,"column":9},"end":{"line":10,"column":3}},{"start":{"line":6,"column":9},"end":{"line":10,"column":3}}],"line":6}},"s":{"0":2,"1":2,"2":0,"3":2,"4":2,"5":0,"6":2,"7":2,"8":2,"9":2},"f":{"0":2},"b":{"0":[0,2],"1":[2,0]},"_coverageSchema":"43e27e138ebf9cfc5966b082cf9a028302ed4184","hash":"02cdab95fb004a28b11ac90297b4568bd8ecbdcd"}
,"/home/jordan/github/capstone/plantdaddy/controllers/helpers.js": {"path":"/home/jordan/github/capstone/plantdaddy/controllers/helpers.js","statementMap":{"0":{"start":{"line":1,"column":0},"end":{"line":9,"column":2}},"1":{"start":{"line":2,"column":2},"end":{"line":6,"column":3}},"2":{"start":{"line":3,"column":4},"end":{"line":3,"column":46}},"3":{"start":{"line":4,"column":9},"end":{"line":6,"column":3}},"4":{"start":{"line":5,"column":4},"end":{"line":5,"column":42}},"5":{"start":{"line":8,"column":2},"end":{"line":8,"column":43}},"6":{"start":{"line":11,"column":0},"end":{"line":23,"column":2}},"7":{"start":{"line":12,"column":18},"end":{"line":12,"column":37}},"8":{"start":{"line":14,"column":2},"end":{"line":20,"column":3}},"9":{"start":{"line":15,"column":4},"end":{"line":15,"column":41}},"10":{"start":{"line":16,"column":4},"end":{"line":16,"column":31}},"11":{"start":{"line":17,"column":9},"end":{"line":20,"column":3}},"12":{"start":{"line":18,"column":4},"end":{"line":18,"column":39}},"13":{"start":{"line":19,"column":4},"end":{"line":19,"column":29}},"14":{"start":{"line":22,"column":2},"end":{"line":22,"column":19}},"15":{"start":{"line":25,"column":0},"end":{"line":30,"column":2}},"16":{"start":{"line":26,"column":2},"end":{"line":29,"column":5}}},"fnMap":{"0":{"name":"(anonymous_0)","decl":{"start":{"line":1,"column":21},"end":{"line":1,"column":22}},"loc":{"start":{"line":1,"column":67},"end":{"line":9,"column":1}},"line":1},"1":{"name":"(anonymous_1)","decl":{"start":{"line":11,"column":30},"end":{"line":11,"column":31}},"loc":{"start":{"line":11,"column":49},"end":{"line":23,"column":1}},"line":11},"2":{"name":"(anonymous_2)","decl":{"start":{"line":25,"column":22},"end":{"line":25,"column":23}},"loc":{"start":{"line":25,"column":67},"end":{"line":30,"column":1}},"line":25}},"branchMap":{"0":{"loc":{"start":{"line":2,"column":2},"end":{"line":6,"column":3}},"type":"if","locations":[{"start":{"line":2,"column":2},"end":{"line":6,"column":3}},{"start":{"line":2,"column":2},"end":{"line":6,"column":3}}],"line":2},"1":{"loc":{"start":{"line":4,"column":9},"end":{"line":6,"column":3}},"type":"if","locations":[{"start":{"line":4,"column":9},"end":{"line":6,"column":3}},{"start":{"line":4,"column":9},"end":{"line":6,"column":3}}],"line":4},"2":{"loc":{"start":{"line":14,"column":2},"end":{"line":20,"column":3}},"type":"if","locations":[{"start":{"line":14,"column":2},"end":{"line":20,"column":3}},{"start":{"line":14,"column":2},"end":{"line":20,"column":3}}],"line":14},"3":{"loc":{"start":{"line":17,"column":9},"end":{"line":20,"column":3}},"type":"if","locations":[{"start":{"line":17,"column":9},"end":{"line":20,"column":3}},{"start":{"line":17,"column":9},"end":{"line":20,"column":3}}],"line":17}},"s":{"0":2,"1":35,"2":35,"3":0,"4":0,"5":35,"6":2,"7":1,"8":1,"9":0,"10":0,"11":1,"12":0,"13":0,"14":1,"15":2,"16":20},"f":{"0":35,"1":1,"2":20},"b":{"0":[35,0],"1":[0,0],"2":[0,1],"3":[0,1]},"_coverageSchema":"43e27e138ebf9cfc5966b082cf9a028302ed4184","hash":"351d5eb47642c7da3fca84e6499c55c8fd362d68"}
,"/home/jordan/github/capstone/plantdaddy/controllers/plantController.js": {"path":"/home/jordan/github/capstone/plantdaddy/controllers/plantController.js","statementMap":{"0":{"start":{"line":1,"column":35},"end":{"line":1,"column":63}},"1":{"start":{"line":2,"column":25},"end":{"line":2,"column":53}},"2":{"start":{"line":3,"column":19},"end":{"line":3,"column":40}},"3":{"start":{"line":4,"column":19},"end":{"line":4,"column":40}},"4":{"start":{"line":5,"column":15},"end":{"line":5,"column":33}},"5":{"start":{"line":6,"column":14},"end":{"line":6,"column":30}},"6":{"start":{"line":7,"column":17},"end":{"line":7,"column":40}},"7":{"start":{"line":8,"column":21},"end":{"line":8,"column":44}},"8":{"start":{"line":9,"column":21},"end":{"line":9,"column":117}},"9":{"start":{"line":10,"column":14},"end":{"line":10,"column":30}},"10":{"start":{"line":11,"column":16},"end":{"line":11,"column":34}},"11":{"start":{"line":12,"column":15},"end":{"line":12,"column":32}},"12":{"start":{"line":14,"column":0},"end":{"line":16,"column":3}},"13":{"start":{"line":18,"column":18},"end":{"line":18,"column":47}},"14":{"start":{"line":19,"column":20},"end":{"line":29,"column":2}},"15":{"start":{"line":32,"column":0},"end":{"line":34,"column":2}},"16":{"start":{"line":33,"column":2},"end":{"line":33,"column":56}},"17":{"start":{"line":37,"column":0},"end":{"line":39,"column":2}},"18":{"start":{"line":38,"column":2},"end":{"line":38,"column":56}},"19":{"start":{"line":42,"column":0},"end":{"line":104,"column":3}},"20":{"start":{"line":62,"column":17},"end":{"line":62,"column":38}},"21":{"start":{"line":64,"column":2},"end":{"line":67,"column":3}},"22":{"start":{"line":65,"column":4},"end":{"line":65,"column":28}},"23":{"start":{"line":69,"column":15},"end":{"line":69,"column":36}},"24":{"start":{"line":70,"column":20},"end":{"line":70,"column":69}},"25":{"start":{"line":71,"column":16},"end":{"line":71,"column":18}},"26":{"start":{"line":73,"column":2},"end":{"line":75,"column":5}},"27":{"start":{"line":74,"column":4},"end":{"line":74,"column":48}},"28":{"start":{"line":77,"column":2},"end":{"line":77,"column":30}},"29":{"start":{"line":79,"column":2},"end":{"line":81,"column":3}},"30":{"start":{"line":80,"column":4},"end":{"line":80,"column":23}},"31":{"start":{"line":83,"column":2},"end":{"line":101,"column":5}},"32":{"start":{"line":93,"column":4},"end":{"line":95,"column":5}},"33":{"start":{"line":94,"column":6},"end":{"line":94,"column":33}},"34":{"start":{"line":97,"column":4},"end":{"line":100,"column":7}},"35":{"start":{"line":107,"column":0},"end":{"line":139,"column":3}},"36":{"start":{"line":110,"column":17},"end":{"line":110,"column":38}},"37":{"start":{"line":112,"column":2},"end":{"line":116,"column":3}},"38":{"start":{"line":113,"column":4},"end":{"line":115,"column":7}},"39":{"start":{"line":118,"column":12},"end":{"line":118,"column":57}},"40":{"start":{"line":120,"column":2},"end":{"line":138,"column":5}},"41":{"start":{"line":130,"column":4},"end":{"line":132,"column":5}},"42":{"start":{"line":131,"column":6},"end":{"line":131,"column":33}},"43":{"start":{"line":134,"column":4},"end":{"line":137,"column":7}},"44":{"start":{"line":142,"column":0},"end":{"line":212,"column":3}},"45":{"start":{"line":147,"column":17},"end":{"line":147,"column":38}},"46":{"start":{"line":149,"column":2},"end":{"line":157,"column":3}},"47":{"start":{"line":150,"column":4},"end":{"line":152,"column":7}},"48":{"start":{"line":153,"column":9},"end":{"line":157,"column":3}},"49":{"start":{"line":154,"column":4},"end":{"line":156,"column":7}},"50":{"start":{"line":161,"column":2},"end":{"line":207,"column":5}},"51":{"start":{"line":163,"column":6},"end":{"line":171,"column":9}},"52":{"start":{"line":164,"column":8},"end":{"line":168,"column":9}},"53":{"start":{"line":165,"column":10},"end":{"line":167,"column":13}},"54":{"start":{"line":170,"column":8},"end":{"line":170,"column":43}},"55":{"start":{"line":175,"column":6},"end":{"line":183,"column":9}},"56":{"start":{"line":176,"column":8},"end":{"line":180,"column":9}},"57":{"start":{"line":177,"column":10},"end":{"line":179,"column":13}},"58":{"start":{"line":182,"column":8},"end":{"line":182,"column":31}},"59":{"start":{"line":187,"column":6},"end":{"line":195,"column":9}},"60":{"start":{"line":188,"column":8},"end":{"line":192,"column":9}},"61":{"start":{"line":189,"column":10},"end":{"line":191,"column":13}},"62":{"start":{"line":194,"column":8},"end":{"line":194,"column":23}},"63":{"start":{"line":198,"column":4},"end":{"line":202,"column":5}},"64":{"start":{"line":199,"column":6},"end":{"line":201,"column":9}},"65":{"start":{"line":204,"column":4},"end":{"line":206,"column":7}},"66":{"start":{"line":215,"column":0},"end":{"line":237,"column":2}},"67":{"start":{"line":216,"column":12},"end":{"line":216,"column":59}},"68":{"start":{"line":218,"column":2},"end":{"line":236,"column":5}},"69":{"start":{"line":228,"column":4},"end":{"line":230,"column":5}},"70":{"start":{"line":229,"column":6},"end":{"line":229,"column":36}},"71":{"start":{"line":232,"column":4},"end":{"line":235,"column":7}},"72":{"start":{"line":240,"column":0},"end":{"line":326,"column":3}},"73":{"start":{"line":246,"column":17},"end":{"line":246,"column":38}},"74":{"start":{"line":248,"column":2},"end":{"line":253,"column":3}},"75":{"start":{"line":249,"column":4},"end":{"line":252,"column":7}},"76":{"start":{"line":255,"column":2},"end":{"line":325,"column":5}},"77":{"start":{"line":257,"column":16},"end":{"line":257,"column":67}},"78":{"start":{"line":259,"column":6},"end":{"line":287,"column":9}},"79":{"start":{"line":269,"column":8},"end":{"line":275,"column":9}},"80":{"start":{"line":271,"column":10},"end":{"line":274,"column":13}},"81":{"start":{"line":277,"column":33},"end":{"line":277,"column":58}},"82":{"start":{"line":280,"column":8},"end":{"line":284,"column":9}},"83":{"start":{"line":281,"column":10},"end":{"line":281,"column":55}},"84":{"start":{"line":283,"column":10},"end":{"line":283,"column":51}},"85":{"start":{"line":286,"column":8},"end":{"line":286,"column":29}},"86":{"start":{"line":291,"column":6},"end":{"line":297,"column":9}},"87":{"start":{"line":292,"column":8},"end":{"line":294,"column":9}},"88":{"start":{"line":293,"column":10},"end":{"line":293,"column":40}},"89":{"start":{"line":296,"column":8},"end":{"line":296,"column":76}},"90":{"start":{"line":301,"column":6},"end":{"line":310,"column":9}},"91":{"start":{"line":302,"column":8},"end":{"line":307,"column":9}},"92":{"start":{"line":303,"column":10},"end":{"line":306,"column":13}},"93":{"start":{"line":309,"column":8},"end":{"line":309,"column":23}},"94":{"start":{"line":313,"column":4},"end":{"line":318,"column":5}},"95":{"start":{"line":314,"column":6},"end":{"line":317,"column":9}},"96":{"start":{"line":321,"column":4},"end":{"line":321,"column":60}},"97":{"start":{"line":322,"column":4},"end":{"line":322,"column":58}},"98":{"start":{"line":329,"column":0},"end":{"line":358,"column":2}},"99":{"start":{"line":330,"column":2},"end":{"line":357,"column":5}},"100":{"start":{"line":331,"column":4},"end":{"line":335,"column":5}},"101":{"start":{"line":332,"column":6},"end":{"line":332,"column":36}},"102":{"start":{"line":333,"column":11},"end":{"line":335,"column":5}},"103":{"start":{"line":334,"column":6},"end":{"line":334,"column":87}},"104":{"start":{"line":337,"column":24},"end":{"line":337,"column":26}},"105":{"start":{"line":339,"column":4},"end":{"line":348,"column":7}},"106":{"start":{"line":340,"column":6},"end":{"line":347,"column":8}},"107":{"start":{"line":350,"column":17},"end":{"line":353,"column":102}},"108":{"start":{"line":356,"column":4},"end":{"line":356,"column":127}},"109":{"start":{"line":361,"column":0},"end":{"line":365,"column":2}},"110":{"start":{"line":362,"column":2},"end":{"line":364,"column":5}}},"fnMap":{"0":{"name":"(anonymous_0)","decl":{"start":{"line":32,"column":16},"end":{"line":32,"column":17}},"loc":{"start":{"line":32,"column":41},"end":{"line":34,"column":1}},"line":32},"1":{"name":"(anonymous_1)","decl":{"start":{"line":37,"column":20},"end":{"line":37,"column":21}},"loc":{"start":{"line":37,"column":45},"end":{"line":39,"column":1}},"line":37},"2":{"name":"(anonymous_2)","decl":{"start":{"line":61,"column":0},"end":{"line":61,"column":1}},"loc":{"start":{"line":61,"column":20},"end":{"line":104,"column":1}},"line":61},"3":{"name":"(anonymous_3)","decl":{"start":{"line":73,"column":17},"end":{"line":73,"column":18}},"loc":{"start":{"line":73,"column":33},"end":{"line":75,"column":3}},"line":73},"4":{"name":"(anonymous_4)","decl":{"start":{"line":92,"column":5},"end":{"line":92,"column":6}},"loc":{"start":{"line":92,"column":37},"end":{"line":101,"column":3}},"line":92},"5":{"name":"(anonymous_5)","decl":{"start":{"line":109,"column":0},"end":{"line":109,"column":1}},"loc":{"start":{"line":109,"column":20},"end":{"line":139,"column":1}},"line":109},"6":{"name":"(anonymous_6)","decl":{"start":{"line":129,"column":5},"end":{"line":129,"column":6}},"loc":{"start":{"line":129,"column":37},"end":{"line":138,"column":3}},"line":129},"7":{"name":"(anonymous_7)","decl":{"start":{"line":146,"column":0},"end":{"line":146,"column":1}},"loc":{"start":{"line":146,"column":20},"end":{"line":212,"column":1}},"line":146},"8":{"name":"getUserId","decl":{"start":{"line":162,"column":13},"end":{"line":162,"column":22}},"loc":{"start":{"line":162,"column":33},"end":{"line":172,"column":5}},"line":162},"9":{"name":"(anonymous_9)","decl":{"start":{"line":163,"column":76},"end":{"line":163,"column":77}},"loc":{"start":{"line":163,"column":94},"end":{"line":171,"column":7}},"line":163},"10":{"name":"checkPlantExists","decl":{"start":{"line":174,"column":13},"end":{"line":174,"column":29}},"loc":{"start":{"line":174,"column":48},"end":{"line":184,"column":5}},"line":174},"11":{"name":"(anonymous_11)","decl":{"start":{"line":175,"column":101},"end":{"line":175,"column":102}},"loc":{"start":{"line":175,"column":119},"end":{"line":183,"column":7}},"line":175},"12":{"name":"addPlant","decl":{"start":{"line":186,"column":13},"end":{"line":186,"column":21}},"loc":{"start":{"line":186,"column":40},"end":{"line":196,"column":5}},"line":186},"13":{"name":"(anonymous_13)","decl":{"start":{"line":187,"column":121},"end":{"line":187,"column":122}},"loc":{"start":{"line":187,"column":139},"end":{"line":195,"column":7}},"line":187},"14":{"name":"(anonymous_14)","decl":{"start":{"line":197,"column":5},"end":{"line":197,"column":6}},"loc":{"start":{"line":197,"column":28},"end":{"line":207,"column":3}},"line":197},"15":{"name":"(anonymous_15)","decl":{"start":{"line":215,"column":25},"end":{"line":215,"column":26}},"loc":{"start":{"line":215,"column":50},"end":{"line":237,"column":1}},"line":215},"16":{"name":"(anonymous_16)","decl":{"start":{"line":227,"column":5},"end":{"line":227,"column":6}},"loc":{"start":{"line":227,"column":37},"end":{"line":236,"column":3}},"line":227},"17":{"name":"(anonymous_17)","decl":{"start":{"line":245,"column":0},"end":{"line":245,"column":1}},"loc":{"start":{"line":245,"column":20},"end":{"line":326,"column":1}},"line":245},"18":{"name":"plantExists","decl":{"start":{"line":256,"column":13},"end":{"line":256,"column":24}},"loc":{"start":{"line":256,"column":35},"end":{"line":288,"column":5}},"line":256},"19":{"name":"(anonymous_19)","decl":{"start":{"line":268,"column":9},"end":{"line":268,"column":10}},"loc":{"start":{"line":268,"column":41},"end":{"line":287,"column":7}},"line":268},"20":{"name":"sessionDataExists","decl":{"start":{"line":290,"column":13},"end":{"line":290,"column":30}},"loc":{"start":{"line":290,"column":52},"end":{"line":298,"column":5}},"line":290},"21":{"name":"(anonymous_21)","decl":{"start":{"line":291,"column":76},"end":{"line":291,"column":77}},"loc":{"start":{"line":291,"column":94},"end":{"line":297,"column":7}},"line":291},"22":{"name":"postSighting","decl":{"start":{"line":300,"column":13},"end":{"line":300,"column":25}},"loc":{"start":{"line":300,"column":65},"end":{"line":311,"column":5}},"line":300},"23":{"name":"(anonymous_23)","decl":{"start":{"line":301,"column":257},"end":{"line":301,"column":258}},"loc":{"start":{"line":301,"column":275},"end":{"line":310,"column":7}},"line":301},"24":{"name":"(anonymous_24)","decl":{"start":{"line":312,"column":5},"end":{"line":312,"column":6}},"loc":{"start":{"line":312,"column":28},"end":{"line":325,"column":3}},"line":312},"25":{"name":"(anonymous_25)","decl":{"start":{"line":329,"column":26},"end":{"line":329,"column":27}},"loc":{"start":{"line":329,"column":51},"end":{"line":358,"column":1}},"line":329},"26":{"name":"(anonymous_26)","decl":{"start":{"line":330,"column":78},"end":{"line":330,"column":79}},"loc":{"start":{"line":330,"column":96},"end":{"line":357,"column":3}},"line":330},"27":{"name":"(anonymous_27)","decl":{"start":{"line":339,"column":25},"end":{"line":339,"column":26}},"loc":{"start":{"line":339,"column":44},"end":{"line":348,"column":5}},"line":339},"28":{"name":"(anonymous_28)","decl":{"start":{"line":361,"column":19},"end":{"line":361,"column":20}},"loc":{"start":{"line":361,"column":44},"end":{"line":365,"column":1}},"line":361}},"branchMap":{"0":{"loc":{"start":{"line":64,"column":2},"end":{"line":67,"column":3}},"type":"if","locations":[{"start":{"line":64,"column":2},"end":{"line":67,"column":3}},{"start":{"line":64,"column":2},"end":{"line":67,"column":3}}],"line":64},"1":{"loc":{"start":{"line":79,"column":2},"end":{"line":81,"column":3}},"type":"if","locations":[{"start":{"line":79,"column":2},"end":{"line":81,"column":3}},{"start":{"line":79,"column":2},"end":{"line":81,"column":3}}],"line":79},"2":{"loc":{"start":{"line":93,"column":4},"end":{"line":95,"column":5}},"type":"if","locations":[{"start":{"line":93,"column":4},"end":{"line":95,"column":5}},{"start":{"line":93,"column":4},"end":{"line":95,"column":5}}],"line":93},"3":{"loc":{"start":{"line":112,"column":2},"end":{"line":116,"column":3}},"type":"if","locations":[{"start":{"line":112,"column":2},"end":{"line":116,"column":3}},{"start":{"line":112,"column":2},"end":{"line":116,"column":3}}],"line":112},"4":{"loc":{"start":{"line":130,"column":4},"end":{"line":132,"column":5}},"type":"if","locations":[{"start":{"line":130,"column":4},"end":{"line":132,"column":5}},{"start":{"line":130,"column":4},"end":{"line":132,"column":5}}],"line":130},"5":{"loc":{"start":{"line":149,"column":2},"end":{"line":157,"column":3}},"type":"if","locations":[{"start":{"line":149,"column":2},"end":{"line":157,"column":3}},{"start":{"line":149,"column":2},"end":{"line":157,"column":3}}],"line":149},"6":{"loc":{"start":{"line":153,"column":9},"end":{"line":157,"column":3}},"type":"if","locations":[{"start":{"line":153,"column":9},"end":{"line":157,"column":3}},{"start":{"line":153,"column":9},"end":{"line":157,"column":3}}],"line":153},"7":{"loc":{"start":{"line":164,"column":8},"end":{"line":168,"column":9}},"type":"if","locations":[{"start":{"line":164,"column":8},"end":{"line":168,"column":9}},{"start":{"line":164,"column":8},"end":{"line":168,"column":9}}],"line":164},"8":{"loc":{"start":{"line":176,"column":8},"end":{"line":180,"column":9}},"type":"if","locations":[{"start":{"line":176,"column":8},"end":{"line":180,"column":9}},{"start":{"line":176,"column":8},"end":{"line":180,"column":9}}],"line":176},"9":{"loc":{"start":{"line":176,"column":12},"end":{"line":176,"column":42}},"type":"binary-expr","locations":[{"start":{"line":176,"column":12},"end":{"line":176,"column":15}},{"start":{"line":176,"column":19},"end":{"line":176,"column":42}}],"line":176},"10":{"loc":{"start":{"line":188,"column":8},"end":{"line":192,"column":9}},"type":"if","locations":[{"start":{"line":188,"column":8},"end":{"line":192,"column":9}},{"start":{"line":188,"column":8},"end":{"line":192,"column":9}}],"line":188},"11":{"loc":{"start":{"line":198,"column":4},"end":{"line":202,"column":5}},"type":"if","locations":[{"start":{"line":198,"column":4},"end":{"line":202,"column":5}},{"start":{"line":198,"column":4},"end":{"line":202,"column":5}}],"line":198},"12":{"loc":{"start":{"line":228,"column":4},"end":{"line":230,"column":5}},"type":"if","locations":[{"start":{"line":228,"column":4},"end":{"line":230,"column":5}},{"start":{"line":228,"column":4},"end":{"line":230,"column":5}}],"line":228},"13":{"loc":{"start":{"line":228,"column":8},"end":{"line":228,"column":60}},"type":"binary-expr","locations":[{"start":{"line":228,"column":8},"end":{"line":228,"column":13}},{"start":{"line":228,"column":17},"end":{"line":228,"column":60}}],"line":228},"14":{"loc":{"start":{"line":248,"column":2},"end":{"line":253,"column":3}},"type":"if","locations":[{"start":{"line":248,"column":2},"end":{"line":253,"column":3}},{"start":{"line":248,"column":2},"end":{"line":253,"column":3}}],"line":248},"15":{"loc":{"start":{"line":248,"column":6},"end":{"line":248,"column":59}},"type":"binary-expr","locations":[{"start":{"line":248,"column":6},"end":{"line":248,"column":23}},{"start":{"line":248,"column":27},"end":{"line":248,"column":59}}],"line":248},"16":{"loc":{"start":{"line":269,"column":8},"end":{"line":275,"column":9}},"type":"if","locations":[{"start":{"line":269,"column":8},"end":{"line":275,"column":9}},{"start":{"line":269,"column":8},"end":{"line":275,"column":9}}],"line":269},"17":{"loc":{"start":{"line":280,"column":8},"end":{"line":284,"column":9}},"type":"if","locations":[{"start":{"line":280,"column":8},"end":{"line":284,"column":9}},{"start":{"line":280,"column":8},"end":{"line":284,"column":9}}],"line":280},"18":{"loc":{"start":{"line":292,"column":8},"end":{"line":294,"column":9}},"type":"if","locations":[{"start":{"line":292,"column":8},"end":{"line":294,"column":9}},{"start":{"line":292,"column":8},"end":{"line":294,"column":9}}],"line":292},"19":{"loc":{"start":{"line":292,"column":12},"end":{"line":292,"column":44}},"type":"binary-expr","locations":[{"start":{"line":292,"column":12},"end":{"line":292,"column":15}},{"start":{"line":292,"column":19},"end":{"line":292,"column":44}}],"line":292},"20":{"loc":{"start":{"line":302,"column":8},"end":{"line":307,"column":9}},"type":"if","locations":[{"start":{"line":302,"column":8},"end":{"line":307,"column":9}},{"start":{"line":302,"column":8},"end":{"line":307,"column":9}}],"line":302},"21":{"loc":{"start":{"line":313,"column":4},"end":{"line":318,"column":5}},"type":"if","locations":[{"start":{"line":313,"column":4},"end":{"line":318,"column":5}},{"start":{"line":313,"column":4},"end":{"line":318,"column":5}}],"line":313},"22":{"loc":{"start":{"line":331,"column":4},"end":{"line":335,"column":5}},"type":"if","locations":[{"start":{"line":331,"column":4},"end":{"line":335,"column":5}},{"start":{"line":331,"column":4},"end":{"line":335,"column":5}}],"line":331},"23":{"loc":{"start":{"line":333,"column":11},"end":{"line":335,"column":5}},"type":"if","locations":[{"start":{"line":333,"column":11},"end":{"line":335,"column":5}},{"start":{"line":333,"column":11},"end":{"line":335,"column":5}}],"line":333}},"s":{"0":2,"1":2,"2":2,"3":2,"4":2,"5":2,"6":2,"7":2,"8":2,"9":2,"10":2,"11":2,"12":2,"13":2,"14":2,"15":2,"16":0,"17":2,"18":1,"19":2,"20":1,"21":1,"22":0,"23":1,"24":1,"25":1,"26":1,"27":3,"28":1,"29":1,"30":1,"31":1,"32":1,"33":0,"34":1,"35":2,"36":1,"37":1,"38":0,"39":1,"40":1,"41":1,"42":0,"43":1,"44":2,"45":4,"46":4,"47":0,"48":4,"49":1,"50":3,"51":3,"52":3,"53":0,"54":3,"55":3,"56":3,"57":2,"58":1,"59":1,"60":1,"61":0,"62":1,"63":1,"64":0,"65":1,"66":2,"67":1,"68":1,"69":1,"70":0,"71":1,"72":2,"73":5,"74":5,"75":3,"76":2,"77":2,"78":2,"79":2,"80":0,"81":2,"82":2,"83":0,"84":2,"85":2,"86":2,"87":2,"88":0,"89":2,"90":2,"91":2,"92":0,"93":2,"94":2,"95":0,"96":2,"97":2,"98":2,"99":2,"100":2,"101":1,"102":1,"103":0,"104":1,"105":1,"106":1,"107":1,"108":1,"109":2,"110":0},"f":{"0":0,"1":1,"2":1,"3":3,"4":1,"5":1,"6":1,"7":4,"8":3,"9":3,"10":3,"11":3,"12":1,"13":1,"14":1,"15":1,"16":1,"17":5,"18":2,"19":2,"20":2,"21":2,"22":2,"23":2,"24":2,"25":2,"26":2,"27":1,"28":0},"b":{"0":[0,1],"1":[1,0],"2":[0,1],"3":[0,1],"4":[0,1],"5":[0,4],"6":[1,3],"7":[0,3],"8":[2,1],"9":[3,3],"10":[0,1],"11":[0,1],"12":[0,1],"13":[1,1],"14":[3,2],"15":[5,2],"16":[0,2],"17":[0,2],"18":[0,2],"19":[2,2],"20":[0,2],"21":[0,2],"22":[1,1],"23":[0,1]},"_coverageSchema":"43e27e138ebf9cfc5966b082cf9a028302ed4184","hash":"639cd4d6613d8a797bafe2677e2de4d1508d6d34"}
,"/home/jordan/github/capstone/plantdaddy/controllers/userController.js": {"path":"/home/jordan/github/capstone/plantdaddy/controllers/userController.js","statementMap":{"0":{"start":{"line":1,"column":35},"end":{"line":1,"column":63}},"1":{"start":{"line":2,"column":25},"end":{"line":2,"column":53}},"2":{"start":{"line":3,"column":19},"end":{"line":3,"column":40}},"3":{"start":{"line":4,"column":19},"end":{"line":4,"column":40}},"4":{"start":{"line":5,"column":15},"end":{"line":5,"column":33}},"5":{"start":{"line":6,"column":14},"end":{"line":6,"column":30}},"6":{"start":{"line":7,"column":17},"end":{"line":7,"column":40}},"7":{"start":{"line":8,"column":21},"end":{"line":8,"column":117}},"8":{"start":{"line":9,"column":21},"end":{"line":9,"column":44}},"9":{"start":{"line":11,"column":0},"end":{"line":13,"column":3}},"10":{"start":{"line":15,"column":18},"end":{"line":15,"column":47}},"11":{"start":{"line":16,"column":20},"end":{"line":26,"column":2}},"12":{"start":{"line":28,"column":13},"end":{"line":28,"column":32}},"13":{"start":{"line":29,"column":16},"end":{"line":41,"column":1}},"14":{"start":{"line":30,"column":14},"end":{"line":30,"column":78}},"15":{"start":{"line":31,"column":10},"end":{"line":31,"column":22}},"16":{"start":{"line":32,"column":12},"end":{"line":32,"column":14}},"17":{"start":{"line":35,"column":2},"end":{"line":38,"column":3}},"18":{"start":{"line":35,"column":15},"end":{"line":35,"column":16}},"19":{"start":{"line":36,"column":4},"end":{"line":36,"column":52}},"20":{"start":{"line":37,"column":4},"end":{"line":37,"column":22}},"21":{"start":{"line":40,"column":2},"end":{"line":40,"column":13}},"22":{"start":{"line":43,"column":0},"end":{"line":45,"column":2}},"23":{"start":{"line":44,"column":2},"end":{"line":44,"column":47}},"24":{"start":{"line":47,"column":0},"end":{"line":65,"column":2}},"25":{"start":{"line":48,"column":2},"end":{"line":64,"column":5}},"26":{"start":{"line":50,"column":6},"end":{"line":50,"column":81}},"27":{"start":{"line":53,"column":4},"end":{"line":55,"column":5}},"28":{"start":{"line":54,"column":6},"end":{"line":54,"column":119}},"29":{"start":{"line":57,"column":14},"end":{"line":57,"column":56}},"30":{"start":{"line":59,"column":4},"end":{"line":63,"column":7}},"31":{"start":{"line":67,"column":0},"end":{"line":70,"column":2}},"32":{"start":{"line":68,"column":12},"end":{"line":68,"column":54}},"33":{"start":{"line":69,"column":2},"end":{"line":69,"column":76}},"34":{"start":{"line":72,"column":0},"end":{"line":147,"column":3}},"35":{"start":{"line":79,"column":6},"end":{"line":83,"column":9}},"36":{"start":{"line":80,"column":8},"end":{"line":82,"column":9}},"37":{"start":{"line":81,"column":10},"end":{"line":81,"column":60}},"38":{"start":{"line":90,"column":6},"end":{"line":94,"column":9}},"39":{"start":{"line":91,"column":8},"end":{"line":93,"column":9}},"40":{"start":{"line":92,"column":10},"end":{"line":92,"column":57}},"41":{"start":{"line":98,"column":6},"end":{"line":102,"column":7}},"42":{"start":{"line":99,"column":8},"end":{"line":99,"column":65}},"43":{"start":{"line":101,"column":8},"end":{"line":101,"column":20}},"44":{"start":{"line":107,"column":20},"end":{"line":107,"column":40}},"45":{"start":{"line":108,"column":20},"end":{"line":108,"column":42}},"46":{"start":{"line":110,"column":6},"end":{"line":110,"column":36}},"47":{"start":{"line":112,"column":6},"end":{"line":116,"column":9}},"48":{"start":{"line":113,"column":8},"end":{"line":115,"column":9}},"49":{"start":{"line":114,"column":10},"end":{"line":114,"column":24}},"50":{"start":{"line":118,"column":6},"end":{"line":122,"column":9}},"51":{"start":{"line":119,"column":8},"end":{"line":121,"column":9}},"52":{"start":{"line":120,"column":10},"end":{"line":120,"column":24}},"53":{"start":{"line":124,"column":6},"end":{"line":128,"column":7}},"54":{"start":{"line":125,"column":8},"end":{"line":125,"column":114}},"55":{"start":{"line":127,"column":8},"end":{"line":127,"column":20}},"56":{"start":{"line":131,"column":19},"end":{"line":131,"column":40}},"57":{"start":{"line":133,"column":4},"end":{"line":135,"column":5}},"58":{"start":{"line":134,"column":6},"end":{"line":134,"column":136}},"59":{"start":{"line":137,"column":4},"end":{"line":145,"column":7}},"60":{"start":{"line":138,"column":6},"end":{"line":144,"column":9}},"61":{"start":{"line":139,"column":8},"end":{"line":141,"column":9}},"62":{"start":{"line":140,"column":10},"end":{"line":140,"column":150}},"63":{"start":{"line":143,"column":8},"end":{"line":143,"column":107}},"64":{"start":{"line":149,"column":0},"end":{"line":152,"column":2}},"65":{"start":{"line":150,"column":12},"end":{"line":150,"column":54}},"66":{"start":{"line":151,"column":2},"end":{"line":151,"column":66}},"67":{"start":{"line":154,"column":0},"end":{"line":181,"column":3}},"68":{"start":{"line":163,"column":2},"end":{"line":180,"column":5}},"69":{"start":{"line":164,"column":4},"end":{"line":166,"column":5}},"70":{"start":{"line":165,"column":6},"end":{"line":165,"column":106}},"71":{"start":{"line":168,"column":4},"end":{"line":179,"column":7}},"72":{"start":{"line":170,"column":6},"end":{"line":175,"column":7}},"73":{"start":{"line":171,"column":8},"end":{"line":171,"column":48}},"74":{"start":{"line":172,"column":8},"end":{"line":172,"column":128}},"75":{"start":{"line":174,"column":8},"end":{"line":174,"column":97}},"76":{"start":{"line":178,"column":6},"end":{"line":178,"column":125}},"77":{"start":{"line":183,"column":0},"end":{"line":192,"column":2}},"78":{"start":{"line":184,"column":2},"end":{"line":191,"column":5}},"79":{"start":{"line":185,"column":4},"end":{"line":187,"column":5}},"80":{"start":{"line":186,"column":6},"end":{"line":186,"column":121}},"81":{"start":{"line":189,"column":4},"end":{"line":189,"column":43}},"82":{"start":{"line":190,"column":4},"end":{"line":190,"column":46}},"83":{"start":{"line":194,"column":0},"end":{"line":197,"column":2}},"84":{"start":{"line":195,"column":12},"end":{"line":195,"column":54}},"85":{"start":{"line":196,"column":2},"end":{"line":196,"column":78}},"86":{"start":{"line":199,"column":0},"end":{"line":297,"column":3}},"87":{"start":{"line":206,"column":6},"end":{"line":210,"column":7}},"88":{"start":{"line":207,"column":8},"end":{"line":207,"column":65}},"89":{"start":{"line":209,"column":8},"end":{"line":209,"column":20}},"90":{"start":{"line":215,"column":20},"end":{"line":215,"column":40}},"91":{"start":{"line":216,"column":20},"end":{"line":216,"column":42}},"92":{"start":{"line":218,"column":6},"end":{"line":218,"column":36}},"93":{"start":{"line":220,"column":6},"end":{"line":224,"column":9}},"94":{"start":{"line":221,"column":8},"end":{"line":223,"column":9}},"95":{"start":{"line":222,"column":10},"end":{"line":222,"column":24}},"96":{"start":{"line":226,"column":6},"end":{"line":230,"column":9}},"97":{"start":{"line":227,"column":8},"end":{"line":229,"column":9}},"98":{"start":{"line":228,"column":10},"end":{"line":228,"column":24}},"99":{"start":{"line":232,"column":6},"end":{"line":236,"column":7}},"100":{"start":{"line":233,"column":8},"end":{"line":233,"column":114}},"101":{"start":{"line":235,"column":8},"end":{"line":235,"column":20}},"102":{"start":{"line":241,"column":17},"end":{"line":241,"column":38}},"103":{"start":{"line":243,"column":2},"end":{"line":245,"column":3}},"104":{"start":{"line":244,"column":4},"end":{"line":244,"column":141}},"105":{"start":{"line":247,"column":2},"end":{"line":296,"column":5}},"106":{"start":{"line":249,"column":6},"end":{"line":255,"column":9}},"107":{"start":{"line":250,"column":8},"end":{"line":252,"column":9}},"108":{"start":{"line":251,"column":10},"end":{"line":251,"column":122}},"109":{"start":{"line":254,"column":8},"end":{"line":254,"column":43}},"110":{"start":{"line":259,"column":6},"end":{"line":265,"column":9}},"111":{"start":{"line":260,"column":8},"end":{"line":262,"column":9}},"112":{"start":{"line":261,"column":10},"end":{"line":261,"column":141}},"113":{"start":{"line":264,"column":8},"end":{"line":264,"column":51}},"114":{"start":{"line":269,"column":6},"end":{"line":275,"column":9}},"115":{"start":{"line":270,"column":8},"end":{"line":272,"column":9}},"116":{"start":{"line":271,"column":10},"end":{"line":271,"column":142}},"117":{"start":{"line":274,"column":8},"end":{"line":274,"column":31}},"118":{"start":{"line":279,"column":6},"end":{"line":287,"column":9}},"119":{"start":{"line":280,"column":8},"end":{"line":286,"column":11}},"120":{"start":{"line":281,"column":10},"end":{"line":283,"column":11}},"121":{"start":{"line":282,"column":12},"end":{"line":282,"column":123}},"122":{"start":{"line":285,"column":10},"end":{"line":285,"column":25}},"123":{"start":{"line":291,"column":4},"end":{"line":293,"column":5}},"124":{"start":{"line":292,"column":6},"end":{"line":292,"column":156}},"125":{"start":{"line":295,"column":4},"end":{"line":295,"column":107}},"126":{"start":{"line":299,"column":0},"end":{"line":365,"column":3}},"127":{"start":{"line":306,"column":17},"end":{"line":306,"column":38}},"128":{"start":{"line":308,"column":2},"end":{"line":310,"column":3}},"129":{"start":{"line":309,"column":4},"end":{"line":309,"column":122}},"130":{"start":{"line":312,"column":12},"end":{"line":312,"column":23}},"131":{"start":{"line":314,"column":2},"end":{"line":364,"column":5}},"132":{"start":{"line":316,"column":6},"end":{"line":322,"column":9}},"133":{"start":{"line":317,"column":8},"end":{"line":319,"column":9}},"134":{"start":{"line":318,"column":10},"end":{"line":318,"column":122}},"135":{"start":{"line":321,"column":8},"end":{"line":321,"column":43}},"136":{"start":{"line":326,"column":6},"end":{"line":338,"column":9}},"137":{"start":{"line":327,"column":8},"end":{"line":329,"column":9}},"138":{"start":{"line":328,"column":10},"end":{"line":328,"column":151}},"139":{"start":{"line":331,"column":8},"end":{"line":337,"column":11}},"140":{"start":{"line":332,"column":10},"end":{"line":334,"column":11}},"141":{"start":{"line":333,"column":12},"end":{"line":333,"column":159}},"142":{"start":{"line":336,"column":10},"end":{"line":336,"column":30}},"143":{"start":{"line":342,"column":24},"end":{"line":348,"column":7}},"144":{"start":{"line":350,"column":6},"end":{"line":356,"column":9}},"145":{"start":{"line":351,"column":8},"end":{"line":353,"column":9}},"146":{"start":{"line":352,"column":10},"end":{"line":352,"column":144}},"147":{"start":{"line":355,"column":8},"end":{"line":355,"column":46}},"148":{"start":{"line":359,"column":4},"end":{"line":361,"column":5}},"149":{"start":{"line":360,"column":6},"end":{"line":360,"column":156}},"150":{"start":{"line":363,"column":4},"end":{"line":363,"column":141}}},"fnMap":{"0":{"name":"(anonymous_0)","decl":{"start":{"line":29,"column":16},"end":{"line":29,"column":17}},"loc":{"start":{"line":29,"column":27},"end":{"line":41,"column":1}},"line":29},"1":{"name":"(anonymous_1)","decl":{"start":{"line":43,"column":16},"end":{"line":43,"column":17}},"loc":{"start":{"line":43,"column":41},"end":{"line":45,"column":1}},"line":43},"2":{"name":"(anonymous_2)","decl":{"start":{"line":47,"column":18},"end":{"line":47,"column":19}},"loc":{"start":{"line":47,"column":43},"end":{"line":65,"column":1}},"line":47},"3":{"name":"(anonymous_3)","decl":{"start":{"line":49,"column":11},"end":{"line":49,"column":12}},"loc":{"start":{"line":49,"column":30},"end":{"line":51,"column":5}},"line":49},"4":{"name":"(anonymous_4)","decl":{"start":{"line":52,"column":5},"end":{"line":52,"column":6}},"loc":{"start":{"line":52,"column":28},"end":{"line":64,"column":3}},"line":52},"5":{"name":"(anonymous_5)","decl":{"start":{"line":67,"column":22},"end":{"line":67,"column":23}},"loc":{"start":{"line":67,"column":47},"end":{"line":70,"column":1}},"line":67},"6":{"name":"(anonymous_6)","decl":{"start":{"line":78,"column":12},"end":{"line":78,"column":13}},"loc":{"start":{"line":78,"column":21},"end":{"line":84,"column":5}},"line":78},"7":{"name":"(anonymous_7)","decl":{"start":{"line":79,"column":77},"end":{"line":79,"column":78}},"loc":{"start":{"line":79,"column":85},"end":{"line":83,"column":7}},"line":79},"8":{"name":"(anonymous_8)","decl":{"start":{"line":89,"column":12},"end":{"line":89,"column":13}},"loc":{"start":{"line":89,"column":21},"end":{"line":95,"column":5}},"line":89},"9":{"name":"(anonymous_9)","decl":{"start":{"line":90,"column":78},"end":{"line":90,"column":79}},"loc":{"start":{"line":90,"column":86},"end":{"line":94,"column":7}},"line":90},"10":{"name":"(anonymous_10)","decl":{"start":{"line":97,"column":12},"end":{"line":97,"column":13}},"loc":{"start":{"line":97,"column":32},"end":{"line":103,"column":5}},"line":97},"11":{"name":"(anonymous_11)","decl":{"start":{"line":106,"column":12},"end":{"line":106,"column":13}},"loc":{"start":{"line":106,"column":21},"end":{"line":129,"column":5}},"line":106},"12":{"name":"(anonymous_12)","decl":{"start":{"line":112,"column":22},"end":{"line":112,"column":23}},"loc":{"start":{"line":112,"column":37},"end":{"line":116,"column":7}},"line":112},"13":{"name":"(anonymous_13)","decl":{"start":{"line":118,"column":22},"end":{"line":118,"column":23}},"loc":{"start":{"line":118,"column":36},"end":{"line":122,"column":7}},"line":118},"14":{"name":"(anonymous_14)","decl":{"start":{"line":130,"column":2},"end":{"line":130,"column":3}},"loc":{"start":{"line":130,"column":22},"end":{"line":147,"column":1}},"line":130},"15":{"name":"(anonymous_15)","decl":{"start":{"line":137,"column":44},"end":{"line":137,"column":45}},"loc":{"start":{"line":137,"column":54},"end":{"line":145,"column":5}},"line":137},"16":{"name":"(anonymous_16)","decl":{"start":{"line":138,"column":123},"end":{"line":138,"column":124}},"loc":{"start":{"line":138,"column":141},"end":{"line":144,"column":7}},"line":138},"17":{"name":"(anonymous_17)","decl":{"start":{"line":149,"column":19},"end":{"line":149,"column":20}},"loc":{"start":{"line":149,"column":44},"end":{"line":152,"column":1}},"line":149},"18":{"name":"(anonymous_18)","decl":{"start":{"line":161,"column":2},"end":{"line":161,"column":3}},"loc":{"start":{"line":161,"column":22},"end":{"line":181,"column":1}},"line":161},"19":{"name":"(anonymous_19)","decl":{"start":{"line":163,"column":71},"end":{"line":163,"column":72}},"loc":{"start":{"line":163,"column":89},"end":{"line":180,"column":3}},"line":163},"20":{"name":"(anonymous_20)","decl":{"start":{"line":169,"column":10},"end":{"line":169,"column":11}},"loc":{"start":{"line":169,"column":22},"end":{"line":176,"column":5}},"line":169},"21":{"name":"(anonymous_21)","decl":{"start":{"line":177,"column":11},"end":{"line":177,"column":12}},"loc":{"start":{"line":177,"column":18},"end":{"line":179,"column":5}},"line":177},"22":{"name":"(anonymous_22)","decl":{"start":{"line":183,"column":17},"end":{"line":183,"column":18}},"loc":{"start":{"line":183,"column":42},"end":{"line":192,"column":1}},"line":183},"23":{"name":"(anonymous_23)","decl":{"start":{"line":184,"column":22},"end":{"line":184,"column":23}},"loc":{"start":{"line":184,"column":29},"end":{"line":191,"column":3}},"line":184},"24":{"name":"(anonymous_24)","decl":{"start":{"line":194,"column":27},"end":{"line":194,"column":28}},"loc":{"start":{"line":194,"column":52},"end":{"line":197,"column":1}},"line":194},"25":{"name":"(anonymous_25)","decl":{"start":{"line":205,"column":12},"end":{"line":205,"column":13}},"loc":{"start":{"line":205,"column":32},"end":{"line":211,"column":5}},"line":205},"26":{"name":"(anonymous_26)","decl":{"start":{"line":214,"column":12},"end":{"line":214,"column":13}},"loc":{"start":{"line":214,"column":21},"end":{"line":237,"column":5}},"line":214},"27":{"name":"(anonymous_27)","decl":{"start":{"line":220,"column":22},"end":{"line":220,"column":23}},"loc":{"start":{"line":220,"column":37},"end":{"line":224,"column":7}},"line":220},"28":{"name":"(anonymous_28)","decl":{"start":{"line":226,"column":22},"end":{"line":226,"column":23}},"loc":{"start":{"line":226,"column":36},"end":{"line":230,"column":7}},"line":226},"29":{"name":"(anonymous_29)","decl":{"start":{"line":240,"column":0},"end":{"line":240,"column":1}},"loc":{"start":{"line":240,"column":20},"end":{"line":297,"column":1}},"line":240},"30":{"name":"getUserId","decl":{"start":{"line":248,"column":13},"end":{"line":248,"column":22}},"loc":{"start":{"line":248,"column":33},"end":{"line":256,"column":5}},"line":248},"31":{"name":"(anonymous_31)","decl":{"start":{"line":249,"column":79},"end":{"line":249,"column":80}},"loc":{"start":{"line":249,"column":97},"end":{"line":255,"column":7}},"line":249},"32":{"name":"checkKey","decl":{"start":{"line":258,"column":13},"end":{"line":258,"column":21}},"loc":{"start":{"line":258,"column":40},"end":{"line":266,"column":5}},"line":258},"33":{"name":"(anonymous_33)","decl":{"start":{"line":259,"column":117},"end":{"line":259,"column":118}},"loc":{"start":{"line":259,"column":135},"end":{"line":265,"column":7}},"line":259},"34":{"name":"setUsed","decl":{"start":{"line":268,"column":13},"end":{"line":268,"column":20}},"loc":{"start":{"line":268,"column":46},"end":{"line":276,"column":5}},"line":268},"35":{"name":"(anonymous_35)","decl":{"start":{"line":269,"column":100},"end":{"line":269,"column":101}},"loc":{"start":{"line":269,"column":118},"end":{"line":275,"column":7}},"line":269},"36":{"name":"patchUser","decl":{"start":{"line":278,"column":13},"end":{"line":278,"column":22}},"loc":{"start":{"line":278,"column":41},"end":{"line":288,"column":5}},"line":278},"37":{"name":"(anonymous_37)","decl":{"start":{"line":279,"column":46},"end":{"line":279,"column":47}},"loc":{"start":{"line":279,"column":56},"end":{"line":287,"column":7}},"line":279},"38":{"name":"(anonymous_38)","decl":{"start":{"line":280,"column":83},"end":{"line":280,"column":84}},"loc":{"start":{"line":280,"column":101},"end":{"line":286,"column":9}},"line":280},"39":{"name":"(anonymous_39)","decl":{"start":{"line":290,"column":5},"end":{"line":290,"column":6}},"loc":{"start":{"line":290,"column":28},"end":{"line":296,"column":3}},"line":290},"40":{"name":"(anonymous_40)","decl":{"start":{"line":305,"column":0},"end":{"line":305,"column":1}},"loc":{"start":{"line":305,"column":20},"end":{"line":365,"column":1}},"line":305},"41":{"name":"getUserId","decl":{"start":{"line":315,"column":13},"end":{"line":315,"column":22}},"loc":{"start":{"line":315,"column":33},"end":{"line":323,"column":5}},"line":315},"42":{"name":"(anonymous_42)","decl":{"start":{"line":316,"column":75},"end":{"line":316,"column":76}},"loc":{"start":{"line":316,"column":93},"end":{"line":322,"column":7}},"line":316},"43":{"name":"insertKey","decl":{"start":{"line":325,"column":13},"end":{"line":325,"column":22}},"loc":{"start":{"line":325,"column":37},"end":{"line":339,"column":5}},"line":325},"44":{"name":"(anonymous_44)","decl":{"start":{"line":326,"column":85},"end":{"line":326,"column":86}},"loc":{"start":{"line":326,"column":103},"end":{"line":338,"column":7}},"line":326},"45":{"name":"(anonymous_45)","decl":{"start":{"line":331,"column":82},"end":{"line":331,"column":83}},"loc":{"start":{"line":331,"column":100},"end":{"line":337,"column":9}},"line":331},"46":{"name":"sendEmail","decl":{"start":{"line":341,"column":13},"end":{"line":341,"column":22}},"loc":{"start":{"line":341,"column":39},"end":{"line":357,"column":5}},"line":341},"47":{"name":"(anonymous_47)","decl":{"start":{"line":350,"column":42},"end":{"line":350,"column":43}},"loc":{"start":{"line":350,"column":63},"end":{"line":356,"column":7}},"line":350},"48":{"name":"(anonymous_48)","decl":{"start":{"line":358,"column":5},"end":{"line":358,"column":6}},"loc":{"start":{"line":358,"column":27},"end":{"line":364,"column":3}},"line":358}},"branchMap":{"0":{"loc":{"start":{"line":53,"column":4},"end":{"line":55,"column":5}},"type":"if","locations":[{"start":{"line":53,"column":4},"end":{"line":55,"column":5}},{"start":{"line":53,"column":4},"end":{"line":55,"column":5}}],"line":53},"1":{"loc":{"start":{"line":80,"column":8},"end":{"line":82,"column":9}},"type":"if","locations":[{"start":{"line":80,"column":8},"end":{"line":82,"column":9}},{"start":{"line":80,"column":8},"end":{"line":82,"column":9}}],"line":80},"2":{"loc":{"start":{"line":91,"column":8},"end":{"line":93,"column":9}},"type":"if","locations":[{"start":{"line":91,"column":8},"end":{"line":93,"column":9}},{"start":{"line":91,"column":8},"end":{"line":93,"column":9}}],"line":91},"3":{"loc":{"start":{"line":98,"column":6},"end":{"line":102,"column":7}},"type":"if","locations":[{"start":{"line":98,"column":6},"end":{"line":102,"column":7}},{"start":{"line":98,"column":6},"end":{"line":102,"column":7}}],"line":98},"4":{"loc":{"start":{"line":113,"column":8},"end":{"line":115,"column":9}},"type":"if","locations":[{"start":{"line":113,"column":8},"end":{"line":115,"column":9}},{"start":{"line":113,"column":8},"end":{"line":115,"column":9}}],"line":113},"5":{"loc":{"start":{"line":119,"column":8},"end":{"line":121,"column":9}},"type":"if","locations":[{"start":{"line":119,"column":8},"end":{"line":121,"column":9}},{"start":{"line":119,"column":8},"end":{"line":121,"column":9}}],"line":119},"6":{"loc":{"start":{"line":124,"column":6},"end":{"line":128,"column":7}},"type":"if","locations":[{"start":{"line":124,"column":6},"end":{"line":128,"column":7}},{"start":{"line":124,"column":6},"end":{"line":128,"column":7}}],"line":124},"7":{"loc":{"start":{"line":124,"column":10},"end":{"line":124,"column":58}},"type":"binary-expr","locations":[{"start":{"line":124,"column":10},"end":{"line":124,"column":22}},{"start":{"line":124,"column":26},"end":{"line":124,"column":38}},{"start":{"line":124,"column":42},"end":{"line":124,"column":58}}],"line":124},"8":{"loc":{"start":{"line":133,"column":4},"end":{"line":135,"column":5}},"type":"if","locations":[{"start":{"line":133,"column":4},"end":{"line":135,"column":5}},{"start":{"line":133,"column":4},"end":{"line":135,"column":5}}],"line":133},"9":{"loc":{"start":{"line":133,"column":8},"end":{"line":133,"column":63}},"type":"binary-expr","locations":[{"start":{"line":133,"column":8},"end":{"line":133,"column":25}},{"start":{"line":133,"column":29},"end":{"line":133,"column":63}}],"line":133},"10":{"loc":{"start":{"line":139,"column":8},"end":{"line":141,"column":9}},"type":"if","locations":[{"start":{"line":139,"column":8},"end":{"line":141,"column":9}},{"start":{"line":139,"column":8},"end":{"line":141,"column":9}}],"line":139},"11":{"loc":{"start":{"line":164,"column":4},"end":{"line":166,"column":5}},"type":"if","locations":[{"start":{"line":164,"column":4},"end":{"line":166,"column":5}},{"start":{"line":164,"column":4},"end":{"line":166,"column":5}}],"line":164},"12":{"loc":{"start":{"line":164,"column":8},"end":{"line":164,"column":38}},"type":"binary-expr","locations":[{"start":{"line":164,"column":8},"end":{"line":164,"column":11}},{"start":{"line":164,"column":15},"end":{"line":164,"column":38}}],"line":164},"13":{"loc":{"start":{"line":170,"column":6},"end":{"line":175,"column":7}},"type":"if","locations":[{"start":{"line":170,"column":6},"end":{"line":175,"column":7}},{"start":{"line":170,"column":6},"end":{"line":175,"column":7}}],"line":170},"14":{"loc":{"start":{"line":185,"column":4},"end":{"line":187,"column":5}},"type":"if","locations":[{"start":{"line":185,"column":4},"end":{"line":187,"column":5}},{"start":{"line":185,"column":4},"end":{"line":187,"column":5}}],"line":185},"15":{"loc":{"start":{"line":206,"column":6},"end":{"line":210,"column":7}},"type":"if","locations":[{"start":{"line":206,"column":6},"end":{"line":210,"column":7}},{"start":{"line":206,"column":6},"end":{"line":210,"column":7}}],"line":206},"16":{"loc":{"start":{"line":221,"column":8},"end":{"line":223,"column":9}},"type":"if","locations":[{"start":{"line":221,"column":8},"end":{"line":223,"column":9}},{"start":{"line":221,"column":8},"end":{"line":223,"column":9}}],"line":221},"17":{"loc":{"start":{"line":227,"column":8},"end":{"line":229,"column":9}},"type":"if","locations":[{"start":{"line":227,"column":8},"end":{"line":229,"column":9}},{"start":{"line":227,"column":8},"end":{"line":229,"column":9}}],"line":227},"18":{"loc":{"start":{"line":232,"column":6},"end":{"line":236,"column":7}},"type":"if","locations":[{"start":{"line":232,"column":6},"end":{"line":236,"column":7}},{"start":{"line":232,"column":6},"end":{"line":236,"column":7}}],"line":232},"19":{"loc":{"start":{"line":232,"column":10},"end":{"line":232,"column":58}},"type":"binary-expr","locations":[{"start":{"line":232,"column":10},"end":{"line":232,"column":22}},{"start":{"line":232,"column":26},"end":{"line":232,"column":38}},{"start":{"line":232,"column":42},"end":{"line":232,"column":58}}],"line":232},"20":{"loc":{"start":{"line":243,"column":2},"end":{"line":245,"column":3}},"type":"if","locations":[{"start":{"line":243,"column":2},"end":{"line":245,"column":3}},{"start":{"line":243,"column":2},"end":{"line":245,"column":3}}],"line":243},"21":{"loc":{"start":{"line":250,"column":8},"end":{"line":252,"column":9}},"type":"if","locations":[{"start":{"line":250,"column":8},"end":{"line":252,"column":9}},{"start":{"line":250,"column":8},"end":{"line":252,"column":9}}],"line":250},"22":{"loc":{"start":{"line":250,"column":12},"end":{"line":250,"column":42}},"type":"binary-expr","locations":[{"start":{"line":250,"column":12},"end":{"line":250,"column":15}},{"start":{"line":250,"column":19},"end":{"line":250,"column":42}}],"line":250},"23":{"loc":{"start":{"line":260,"column":8},"end":{"line":262,"column":9}},"type":"if","locations":[{"start":{"line":260,"column":8},"end":{"line":262,"column":9}},{"start":{"line":260,"column":8},"end":{"line":262,"column":9}}],"line":260},"24":{"loc":{"start":{"line":260,"column":12},"end":{"line":260,"column":42}},"type":"binary-expr","locations":[{"start":{"line":260,"column":12},"end":{"line":260,"column":15}},{"start":{"line":260,"column":19},"end":{"line":260,"column":42}}],"line":260},"25":{"loc":{"start":{"line":270,"column":8},"end":{"line":272,"column":9}},"type":"if","locations":[{"start":{"line":270,"column":8},"end":{"line":272,"column":9}},{"start":{"line":270,"column":8},"end":{"line":272,"column":9}}],"line":270},"26":{"loc":{"start":{"line":281,"column":10},"end":{"line":283,"column":11}},"type":"if","locations":[{"start":{"line":281,"column":10},"end":{"line":283,"column":11}},{"start":{"line":281,"column":10},"end":{"line":283,"column":11}}],"line":281},"27":{"loc":{"start":{"line":291,"column":4},"end":{"line":293,"column":5}},"type":"if","locations":[{"start":{"line":291,"column":4},"end":{"line":293,"column":5}},{"start":{"line":291,"column":4},"end":{"line":293,"column":5}}],"line":291},"28":{"loc":{"start":{"line":308,"column":2},"end":{"line":310,"column":3}},"type":"if","locations":[{"start":{"line":308,"column":2},"end":{"line":310,"column":3}},{"start":{"line":308,"column":2},"end":{"line":310,"column":3}}],"line":308},"29":{"loc":{"start":{"line":317,"column":8},"end":{"line":319,"column":9}},"type":"if","locations":[{"start":{"line":317,"column":8},"end":{"line":319,"column":9}},{"start":{"line":317,"column":8},"end":{"line":319,"column":9}}],"line":317},"30":{"loc":{"start":{"line":317,"column":12},"end":{"line":317,"column":42}},"type":"binary-expr","locations":[{"start":{"line":317,"column":12},"end":{"line":317,"column":15}},{"start":{"line":317,"column":19},"end":{"line":317,"column":42}}],"line":317},"31":{"loc":{"start":{"line":327,"column":8},"end":{"line":329,"column":9}},"type":"if","locations":[{"start":{"line":327,"column":8},"end":{"line":329,"column":9}},{"start":{"line":327,"column":8},"end":{"line":329,"column":9}}],"line":327},"32":{"loc":{"start":{"line":327,"column":12},"end":{"line":327,"column":42}},"type":"binary-expr","locations":[{"start":{"line":327,"column":12},"end":{"line":327,"column":15}},{"start":{"line":327,"column":19},"end":{"line":327,"column":42}}],"line":327},"33":{"loc":{"start":{"line":332,"column":10},"end":{"line":334,"column":11}},"type":"if","locations":[{"start":{"line":332,"column":10},"end":{"line":334,"column":11}},{"start":{"line":332,"column":10},"end":{"line":334,"column":11}}],"line":332},"34":{"loc":{"start":{"line":351,"column":8},"end":{"line":353,"column":9}},"type":"if","locations":[{"start":{"line":351,"column":8},"end":{"line":353,"column":9}},{"start":{"line":351,"column":8},"end":{"line":353,"column":9}}],"line":351},"35":{"loc":{"start":{"line":359,"column":4},"end":{"line":361,"column":5}},"type":"if","locations":[{"start":{"line":359,"column":4},"end":{"line":361,"column":5}},{"start":{"line":359,"column":4},"end":{"line":361,"column":5}}],"line":359}},"s":{"0":2,"1":2,"2":2,"3":2,"4":2,"5":2,"6":2,"7":2,"8":2,"9":2,"10":2,"11":2,"12":2,"13":2,"14":6,"15":6,"16":6,"17":6,"18":6,"19":156,"20":156,"21":6,"22":2,"23":0,"24":2,"25":0,"26":0,"27":0,"28":0,"29":0,"30":0,"31":2,"32":1,"33":1,"34":2,"35":27,"36":27,"37":8,"38":27,"39":27,"40":6,"41":27,"42":2,"43":25,"44":27,"45":27,"46":27,"47":27,"48":216,"49":27,"50":27,"51":270,"52":27,"53":27,"54":0,"55":27,"56":27,"57":27,"58":9,"59":18,"60":18,"61":18,"62":0,"63":18,"64":2,"65":0,"66":0,"67":2,"68":17,"69":17,"70":2,"71":15,"72":15,"73":12,"74":12,"75":3,"76":0,"77":2,"78":1,"79":1,"80":0,"81":1,"82":1,"83":2,"84":0,"85":0,"86":2,"87":5,"88":2,"89":3,"90":5,"91":5,"92":5,"93":5,"94":40,"95":4,"96":5,"97":50,"98":5,"99":5,"100":1,"101":4,"102":5,"103":5,"104":2,"105":3,"106":3,"107":3,"108":1,"109":2,"110":2,"111":2,"112":1,"113":1,"114":1,"115":1,"116":0,"117":1,"118":1,"119":1,"120":1,"121":0,"122":1,"123":1,"124":0,"125":1,"126":2,"127":6,"128":6,"129":0,"130":6,"131":6,"132":6,"133":6,"134":0,"135":6,"136":6,"137":6,"138":2,"139":4,"140":4,"141":0,"142":4,"143":4,"144":4,"145":4,"146":0,"147":4,"148":4,"149":0,"150":4},"f":{"0":6,"1":0,"2":0,"3":0,"4":0,"5":1,"6":27,"7":27,"8":27,"9":27,"10":27,"11":27,"12":216,"13":270,"14":27,"15":18,"16":18,"17":0,"18":17,"19":17,"20":15,"21":0,"22":1,"23":1,"24":0,"25":5,"26":5,"27":40,"28":50,"29":5,"30":3,"31":3,"32":2,"33":2,"34":1,"35":1,"36":1,"37":1,"38":1,"39":1,"40":6,"41":6,"42":6,"43":6,"44":6,"45":4,"46":4,"47":4,"48":4},"b":{"0":[0,0],"1":[8,19],"2":[6,21],"3":[2,25],"4":[27,189],"5":[27,243],"6":[0,27],"7":[27,27,27],"8":[9,18],"9":[27,18],"10":[0,18],"11":[2,15],"12":[17,17],"13":[12,3],"14":[0,1],"15":[2,3],"16":[4,36],"17":[5,45],"18":[1,4],"19":[5,4,4],"20":[2,3],"21":[1,2],"22":[3,3],"23":[1,1],"24":[2,2],"25":[0,1],"26":[0,1],"27":[0,1],"28":[0,6],"29":[0,6],"30":[6,6],"31":[2,4],"32":[6,6],"33":[0,4],"34":[0,4],"35":[0,4]},"_coverageSchema":"43e27e138ebf9cfc5966b082cf9a028302ed4184","hash":"480cac898295e08ba34863910b4c05e3f659925c"}
,"/home/jordan/github/capstone/plantdaddy/routes/index.js": {"path":"/home/jordan/github/capstone/plantdaddy/routes/index.js","statementMap":{"0":{"start":{"line":1,"column":14},"end":{"line":1,"column":32}},"1":{"start":{"line":2,"column":13},"end":{"line":2,"column":29}},"2":{"start":{"line":5,"column":0},"end":{"line":7,"column":3}},"3":{"start":{"line":6,"column":2},"end":{"line":6,"column":44}},"4":{"start":{"line":9,"column":0},"end":{"line":9,"column":24}}},"fnMap":{"0":{"name":"(anonymous_0)","decl":{"start":{"line":5,"column":16},"end":{"line":5,"column":17}},"loc":{"start":{"line":5,"column":41},"end":{"line":7,"column":1}},"line":5}},"branchMap":{},"s":{"0":2,"1":2,"2":2,"3":0,"4":2},"f":{"0":0},"b":{},"_coverageSchema":"43e27e138ebf9cfc5966b082cf9a028302ed4184","hash":"3f47374f82629496d5ac72880f9192d0bf06c88d"}
,"/home/jordan/github/capstone/plantdaddy/routes/plants.js": {"path":"/home/jordan/github/capstone/plantdaddy/routes/plants.js","statementMap":{"0":{"start":{"line":1,"column":16},"end":{"line":1,"column":34}},"1":{"start":{"line":2,"column":15},"end":{"line":2,"column":31}},"2":{"start":{"line":3,"column":17},"end":{"line":3,"column":40}},"3":{"start":{"line":5,"column":22},"end":{"line":11,"column":1}},"4":{"start":{"line":6,"column":2},"end":{"line":10,"column":3}},"5":{"start":{"line":7,"column":4},"end":{"line":7,"column":27}},"6":{"start":{"line":9,"column":4},"end":{"line":9,"column":11}},"7":{"start":{"line":13,"column":24},"end":{"line":13,"column":68}},"8":{"start":{"line":16,"column":0},"end":{"line":16,"column":39}},"9":{"start":{"line":19,"column":0},"end":{"line":19,"column":49}},"10":{"start":{"line":22,"column":0},"end":{"line":22,"column":62}},"11":{"start":{"line":25,"column":0},"end":{"line":25,"column":72}},"12":{"start":{"line":28,"column":0},"end":{"line":28,"column":59}},"13":{"start":{"line":31,"column":0},"end":{"line":31,"column":80}},"14":{"start":{"line":34,"column":0},"end":{"line":34,"column":78}},"15":{"start":{"line":37,"column":0},"end":{"line":37,"column":67}},"16":{"start":{"line":39,"column":0},"end":{"line":39,"column":24}}},"fnMap":{"0":{"name":"(anonymous_0)","decl":{"start":{"line":5,"column":22},"end":{"line":5,"column":23}},"loc":{"start":{"line":5,"column":42},"end":{"line":11,"column":1}},"line":5}},"branchMap":{"0":{"loc":{"start":{"line":6,"column":2},"end":{"line":10,"column":3}},"type":"if","locations":[{"start":{"line":6,"column":2},"end":{"line":10,"column":3}},{"start":{"line":6,"column":2},"end":{"line":10,"column":3}}],"line":6}},"s":{"0":2,"1":2,"2":2,"3":2,"4":9,"5":3,"6":6,"7":2,"8":2,"9":2,"10":2,"11":2,"12":2,"13":2,"14":2,"15":2,"16":2},"f":{"0":9},"b":{"0":[3,6]},"_coverageSchema":"43e27e138ebf9cfc5966b082cf9a028302ed4184","hash":"ec2c18af374c54875285f5a38802c55ae12e5151"}
,"/home/jordan/github/capstone/plantdaddy/routes/users.js": {"path":"/home/jordan/github/capstone/plantdaddy/routes/users.js","statementMap":{"0":{"start":{"line":1,"column":16},"end":{"line":1,"column":34}},"1":{"start":{"line":2,"column":15},"end":{"line":2,"column":31}},"2":{"start":{"line":3,"column":17},"end":{"line":3,"column":40}},"3":{"start":{"line":4,"column":22},"end":{"line":10,"column":1}},"4":{"start":{"line":5,"column":2},"end":{"line":9,"column":3}},"5":{"start":{"line":6,"column":4},"end":{"line":6,"column":34}},"6":{"start":{"line":8,"column":4},"end":{"line":8,"column":18}},"7":{"start":{"line":12,"column":21},"end":{"line":24,"column":1}},"8":{"start":{"line":13,"column":2},"end":{"line":23,"column":3}},"9":{"start":{"line":14,"column":4},"end":{"line":20,"column":7}},"10":{"start":{"line":15,"column":6},"end":{"line":17,"column":7}},"11":{"start":{"line":16,"column":8},"end":{"line":16,"column":18}},"12":{"start":{"line":19,"column":6},"end":{"line":19,"column":60}},"13":{"start":{"line":22,"column":4},"end":{"line":22,"column":18}},"14":{"start":{"line":26,"column":23},"end":{"line":26,"column":66}},"15":{"start":{"line":29,"column":0},"end":{"line":29,"column":38}},"16":{"start":{"line":32,"column":0},"end":{"line":32,"column":60}},"17":{"start":{"line":35,"column":0},"end":{"line":35,"column":58}},"18":{"start":{"line":38,"column":0},"end":{"line":38,"column":66}},"19":{"start":{"line":41,"column":0},"end":{"line":41,"column":64}},"20":{"start":{"line":44,"column":0},"end":{"line":44,"column":61}},"21":{"start":{"line":47,"column":0},"end":{"line":47,"column":76}},"22":{"start":{"line":50,"column":0},"end":{"line":50,"column":77}},"23":{"start":{"line":53,"column":0},"end":{"line":53,"column":85}},"24":{"start":{"line":56,"column":0},"end":{"line":56,"column":66}},"25":{"start":{"line":58,"column":0},"end":{"line":58,"column":24}}},"fnMap":{"0":{"name":"(anonymous_0)","decl":{"start":{"line":4,"column":22},"end":{"line":4,"column":23}},"loc":{"start":{"line":4,"column":42},"end":{"line":10,"column":1}},"line":4},"1":{"name":"(anonymous_1)","decl":{"start":{"line":12,"column":21},"end":{"line":12,"column":22}},"loc":{"start":{"line":12,"column":41},"end":{"line":24,"column":1}},"line":12},"2":{"name":"(anonymous_2)","decl":{"start":{"line":14,"column":74},"end":{"line":14,"column":75}},"loc":{"start":{"line":14,"column":92},"end":{"line":20,"column":5}},"line":14}},"branchMap":{"0":{"loc":{"start":{"line":5,"column":2},"end":{"line":9,"column":3}},"type":"if","locations":[{"start":{"line":5,"column":2},"end":{"line":9,"column":3}},{"start":{"line":5,"column":2},"end":{"line":9,"column":3}}],"line":5},"1":{"loc":{"start":{"line":13,"column":2},"end":{"line":23,"column":3}},"type":"if","locations":[{"start":{"line":13,"column":2},"end":{"line":23,"column":3}},{"start":{"line":13,"column":2},"end":{"line":23,"column":3}}],"line":13},"2":{"loc":{"start":{"line":15,"column":6},"end":{"line":17,"column":7}},"type":"if","locations":[{"start":{"line":15,"column":6},"end":{"line":17,"column":7}},{"start":{"line":15,"column":6},"end":{"line":17,"column":7}}],"line":15}},"s":{"0":2,"1":2,"2":2,"3":2,"4":3,"5":2,"6":1,"7":2,"8":58,"9":2,"10":2,"11":0,"12":2,"13":56,"14":2,"15":2,"16":2,"17":2,"18":2,"19":2,"20":2,"21":2,"22":2,"23":2,"24":2,"25":2},"f":{"0":3,"1":58,"2":2},"b":{"0":[2,1],"1":[2,56],"2":[0,2]},"_coverageSchema":"43e27e138ebf9cfc5966b082cf9a028302ed4184","hash":"1ab283a876ee676ab5d75677edbc00f4edcec539"}
}
