TN:
SF:/home/jordan/github/capstone/plantdaddy/app.js
FN:56,(anonymous_0)
FN:61,(anonymous_1)
FNF:2
FNH:2
FNDA:2,(anonymous_0)
FNDA:2,(anonymous_1)
DA:1,2
DA:2,2
DA:3,2
DA:4,2
DA:6,2
DA:7,2
DA:8,2
DA:9,2
DA:11,2
DA:12,2
DA:13,2
DA:16,2
DA:17,2
DA:18,2
DA:20,2
DA:22,2
DA:24,2
DA:27,2
DA:28,2
DA:30,2
DA:44,2
DA:45,2
DA:46,2
DA:47,2
DA:48,2
DA:49,2
DA:50,2
DA:52,2
DA:53,2
DA:56,2
DA:57,2
DA:61,2
DA:63,2
DA:64,2
DA:66,2
DA:67,2
DA:68,2
DA:70,0
DA:74,2
LF:39
LH:38
BRDA:64,0,0,0
BRDA:64,0,1,2
BRDA:66,1,0,2
BRDA:66,1,1,0
BRDA:66,2,0,2
BRDA:66,2,1,2
BRDA:67,3,0,2
BRDA:67,3,1,0
BRF:8
BRH:5
end_of_record
TN:
SF:/home/jordan/github/capstone/plantdaddy/config.js
FN:3,getConnectionString
FNF:1
FNH:1
FNDA:2,getConnectionString
DA:1,2
DA:4,2
DA:5,0
DA:6,2
DA:7,2
DA:9,0
DA:14,2
DA:17,2
DA:19,2
DA:24,2
LF:10
LH:8
BRDA:4,0,0,0
BRDA:4,0,1,2
BRDA:6,1,0,2
BRDA:6,1,1,0
BRF:4
BRH:2
end_of_record
TN:
SF:/home/jordan/github/capstone/plantdaddy/controllers/helpers.js
FN:1,(anonymous_0)
FN:11,(anonymous_1)
FN:25,(anonymous_2)
FNF:3
FNH:3
FNDA:35,(anonymous_0)
FNDA:1,(anonymous_1)
FNDA:20,(anonymous_2)
DA:1,2
DA:2,35
DA:3,35
DA:4,0
DA:5,0
DA:8,35
DA:11,2
DA:12,1
DA:14,1
DA:15,0
DA:16,0
DA:17,1
DA:18,0
DA:19,0
DA:22,1
DA:25,2
DA:26,20
LF:17
LH:11
BRDA:2,0,0,35
BRDA:2,0,1,0
BRDA:4,1,0,0
BRDA:4,1,1,0
BRDA:14,2,0,0
BRDA:14,2,1,1
BRDA:17,3,0,0
BRDA:17,3,1,1
BRF:8
BRH:3
end_of_record
TN:
SF:/home/jordan/github/capstone/plantdaddy/controllers/plantController.js
FN:32,(anonymous_0)
FN:37,(anonymous_1)
FN:61,(anonymous_2)
FN:73,(anonymous_3)
FN:92,(anonymous_4)
FN:109,(anonymous_5)
FN:129,(anonymous_6)
FN:146,(anonymous_7)
FN:162,getUserId
FN:163,(anonymous_9)
FN:174,checkPlantExists
FN:175,(anonymous_11)
FN:186,addPlant
FN:187,(anonymous_13)
FN:197,(anonymous_14)
FN:215,(anonymous_15)
FN:227,(anonymous_16)
FN:245,(anonymous_17)
FN:256,plantExists
FN:268,(anonymous_19)
FN:290,sessionDataExists
FN:291,(anonymous_21)
FN:300,postSighting
FN:301,(anonymous_23)
FN:312,(anonymous_24)
FN:329,(anonymous_25)
FN:330,(anonymous_26)
FN:339,(anonymous_27)
FNF:28
FNH:27
FNDA:0,(anonymous_0)
FNDA:1,(anonymous_1)
FNDA:1,(anonymous_2)
FNDA:3,(anonymous_3)
FNDA:1,(anonymous_4)
FNDA:1,(anonymous_5)
FNDA:1,(anonymous_6)
FNDA:4,(anonymous_7)
FNDA:3,getUserId
FNDA:3,(anonymous_9)
FNDA:3,checkPlantExists
FNDA:3,(anonymous_11)
FNDA:1,addPlant
FNDA:1,(anonymous_13)
FNDA:1,(anonymous_14)
FNDA:1,(anonymous_15)
FNDA:1,(anonymous_16)
FNDA:5,(anonymous_17)
FNDA:2,plantExists
FNDA:2,(anonymous_19)
FNDA:2,sessionDataExists
FNDA:2,(anonymous_21)
FNDA:2,postSighting
FNDA:2,(anonymous_23)
FNDA:2,(anonymous_24)
FNDA:2,(anonymous_25)
FNDA:2,(anonymous_26)
FNDA:1,(anonymous_27)
DA:1,2
DA:2,2
DA:3,2
DA:4,2
DA:5,2
DA:6,2
DA:7,2
DA:8,2
DA:9,2
DA:10,2
DA:11,2
DA:12,2
DA:14,2
DA:18,2
DA:19,2
DA:32,2
DA:33,0
DA:37,2
DA:38,1
DA:42,2
DA:62,1
DA:64,1
DA:65,0
DA:69,1
DA:70,1
DA:71,1
DA:73,1
DA:74,3
DA:77,1
DA:79,1
DA:80,1
DA:83,1
DA:93,1
DA:94,0
DA:97,1
DA:107,2
DA:110,1
DA:112,1
DA:113,0
DA:118,1
DA:120,1
DA:130,1
DA:131,0
DA:134,1
DA:142,2
DA:147,4
DA:149,4
DA:150,0
DA:153,4
DA:154,1
DA:161,3
DA:163,3
DA:164,3
DA:165,0
DA:170,3
DA:175,3
DA:176,3
DA:177,2
DA:182,1
DA:187,1
DA:188,1
DA:189,0
DA:194,1
DA:198,1
DA:199,0
DA:204,1
DA:215,2
DA:216,1
DA:218,1
DA:228,1
DA:229,0
DA:232,1
DA:240,2
DA:246,5
DA:248,5
DA:249,3
DA:255,2
DA:257,2
DA:259,2
DA:269,2
DA:271,0
DA:277,2
DA:280,2
DA:281,0
DA:283,2
DA:286,2
DA:291,2
DA:292,2
DA:293,0
DA:296,2
DA:301,2
DA:302,2
DA:303,0
DA:309,2
DA:313,2
DA:314,0
DA:321,2
DA:322,2
DA:329,2
DA:330,2
DA:331,2
DA:332,1
DA:333,1
DA:334,0
DA:337,1
DA:339,1
DA:340,1
DA:350,1
DA:356,1
LF:109
LH:93
BRDA:64,0,0,0
BRDA:64,0,1,1
BRDA:79,1,0,1
BRDA:79,1,1,0
BRDA:93,2,0,0
BRDA:93,2,1,1
BRDA:112,3,0,0
BRDA:112,3,1,1
BRDA:130,4,0,0
BRDA:130,4,1,1
BRDA:149,5,0,0
BRDA:149,5,1,4
BRDA:153,6,0,1
BRDA:153,6,1,3
BRDA:164,7,0,0
BRDA:164,7,1,3
BRDA:176,8,0,2
BRDA:176,8,1,1
BRDA:176,9,0,3
BRDA:176,9,1,3
BRDA:188,10,0,0
BRDA:188,10,1,1
BRDA:198,11,0,0
BRDA:198,11,1,1
BRDA:228,12,0,0
BRDA:228,12,1,1
BRDA:228,13,0,1
BRDA:228,13,1,1
BRDA:248,14,0,3
BRDA:248,14,1,2
BRDA:248,15,0,5
BRDA:248,15,1,2
BRDA:269,16,0,0
BRDA:269,16,1,2
BRDA:280,17,0,0
BRDA:280,17,1,2
BRDA:292,18,0,0
BRDA:292,18,1,2
BRDA:292,19,0,2
BRDA:292,19,1,2
BRDA:302,20,0,0
BRDA:302,20,1,2
BRDA:313,21,0,0
BRDA:313,21,1,2
BRDA:331,22,0,1
BRDA:331,22,1,1
BRDA:333,23,0,0
BRDA:333,23,1,1
BRF:48
BRH:32
end_of_record
TN:
SF:/home/jordan/github/capstone/plantdaddy/controllers/userController.js
FN:29,(anonymous_0)
FN:43,(anonymous_1)
FN:47,(anonymous_2)
FN:49,(anonymous_3)
FN:52,(anonymous_4)
FN:67,(anonymous_5)
FN:78,(anonymous_6)
FN:79,(anonymous_7)
FN:89,(anonymous_8)
FN:90,(anonymous_9)
FN:97,(anonymous_10)
FN:106,(anonymous_11)
FN:112,(anonymous_12)
FN:118,(anonymous_13)
FN:130,(anonymous_14)
FN:137,(anonymous_15)
FN:138,(anonymous_16)
FN:149,(anonymous_17)
FN:161,(anonymous_18)
FN:163,(anonymous_19)
FN:169,(anonymous_20)
FN:177,(anonymous_21)
FN:183,(anonymous_22)
FN:184,(anonymous_23)
FN:194,(anonymous_24)
FN:205,(anonymous_25)
FN:214,(anonymous_26)
FN:220,(anonymous_27)
FN:226,(anonymous_28)
FN:240,(anonymous_29)
FN:248,getUserId
FN:249,(anonymous_31)
FN:258,checkKey
FN:259,(anonymous_33)
FN:268,setUsed
FN:269,(anonymous_35)
FN:278,patchUser
FN:279,(anonymous_37)
FN:280,(anonymous_38)
FN:290,(anonymous_39)
FN:305,(anonymous_40)
FN:315,getUserId
FN:316,(anonymous_42)
FN:325,insertKey
FN:326,(anonymous_44)
FN:331,(anonymous_45)
FN:341,sendEmail
FN:350,(anonymous_47)
FN:358,(anonymous_48)
FNF:49
FNH:42
FNDA:6,(anonymous_0)
FNDA:0,(anonymous_1)
FNDA:0,(anonymous_2)
FNDA:0,(anonymous_3)
FNDA:0,(anonymous_4)
FNDA:1,(anonymous_5)
FNDA:27,(anonymous_6)
FNDA:27,(anonymous_7)
FNDA:27,(anonymous_8)
FNDA:27,(anonymous_9)
FNDA:27,(anonymous_10)
FNDA:27,(anonymous_11)
FNDA:216,(anonymous_12)
FNDA:270,(anonymous_13)
FNDA:27,(anonymous_14)
FNDA:18,(anonymous_15)
FNDA:18,(anonymous_16)
FNDA:0,(anonymous_17)
FNDA:17,(anonymous_18)
FNDA:17,(anonymous_19)
FNDA:15,(anonymous_20)
FNDA:0,(anonymous_21)
FNDA:1,(anonymous_22)
FNDA:1,(anonymous_23)
FNDA:0,(anonymous_24)
FNDA:5,(anonymous_25)
FNDA:5,(anonymous_26)
FNDA:40,(anonymous_27)
FNDA:50,(anonymous_28)
FNDA:5,(anonymous_29)
FNDA:3,getUserId
FNDA:3,(anonymous_31)
FNDA:2,checkKey
FNDA:2,(anonymous_33)
FNDA:1,setUsed
FNDA:1,(anonymous_35)
FNDA:1,patchUser
FNDA:1,(anonymous_37)
FNDA:1,(anonymous_38)
FNDA:1,(anonymous_39)
FNDA:6,(anonymous_40)
FNDA:6,getUserId
FNDA:6,(anonymous_42)
FNDA:6,insertKey
FNDA:6,(anonymous_44)
FNDA:4,(anonymous_45)
FNDA:4,sendEmail
FNDA:4,(anonymous_47)
FNDA:4,(anonymous_48)
DA:1,2
DA:2,2
DA:3,2
DA:4,2
DA:5,2
DA:6,2
DA:7,2
DA:8,2
DA:9,2
DA:11,2
DA:15,2
DA:16,2
DA:28,2
DA:29,2
DA:30,6
DA:31,6
DA:32,6
DA:35,6
DA:36,156
DA:37,156
DA:40,6
DA:43,2
DA:44,0
DA:47,2
DA:48,0
DA:50,0
DA:53,0
DA:54,0
DA:57,0
DA:59,0
DA:67,2
DA:68,1
DA:69,1
DA:72,2
DA:79,27
DA:80,27
DA:81,8
DA:90,27
DA:91,27
DA:92,6
DA:98,27
DA:99,2
DA:101,25
DA:107,27
DA:108,27
DA:110,27
DA:112,27
DA:113,216
DA:114,27
DA:118,27
DA:119,270
DA:120,27
DA:124,27
DA:125,0
DA:127,27
DA:131,27
DA:133,27
DA:134,9
DA:137,18
DA:138,18
DA:139,18
DA:140,0
DA:143,18
DA:149,2
DA:150,0
DA:151,0
DA:154,2
DA:163,17
DA:164,17
DA:165,2
DA:168,15
DA:170,15
DA:171,12
DA:172,12
DA:174,3
DA:178,0
DA:183,2
DA:184,1
DA:185,1
DA:186,0
DA:189,1
DA:190,1
DA:194,2
DA:195,0
DA:196,0
DA:199,2
DA:206,5
DA:207,2
DA:209,3
DA:215,5
DA:216,5
DA:218,5
DA:220,5
DA:221,40
DA:222,4
DA:226,5
DA:227,50
DA:228,5
DA:232,5
DA:233,1
DA:235,4
DA:241,5
DA:243,5
DA:244,2
DA:247,3
DA:249,3
DA:250,3
DA:251,1
DA:254,2
DA:259,2
DA:260,2
DA:261,1
DA:264,1
DA:269,1
DA:270,1
DA:271,0
DA:274,1
DA:279,1
DA:280,1
DA:281,1
DA:282,0
DA:285,1
DA:291,1
DA:292,0
DA:295,1
DA:299,2
DA:306,6
DA:308,6
DA:309,0
DA:312,6
DA:314,6
DA:316,6
DA:317,6
DA:318,0
DA:321,6
DA:326,6
DA:327,6
DA:328,2
DA:331,4
DA:332,4
DA:333,0
DA:336,4
DA:342,4
DA:350,4
DA:351,4
DA:352,0
DA:355,4
DA:359,4
DA:360,0
DA:363,4
LF:150
LH:127
BRDA:53,0,0,0
BRDA:53,0,1,0
BRDA:80,1,0,8
BRDA:80,1,1,19
BRDA:91,2,0,6
BRDA:91,2,1,21
BRDA:98,3,0,2
BRDA:98,3,1,25
BRDA:113,4,0,27
BRDA:113,4,1,189
BRDA:119,5,0,27
BRDA:119,5,1,243
BRDA:124,6,0,0
BRDA:124,6,1,27
BRDA:124,7,0,27
BRDA:124,7,1,27
BRDA:124,7,2,27
BRDA:133,8,0,9
BRDA:133,8,1,18
BRDA:133,9,0,27
BRDA:133,9,1,18
BRDA:139,10,0,0
BRDA:139,10,1,18
BRDA:164,11,0,2
BRDA:164,11,1,15
BRDA:164,12,0,17
BRDA:164,12,1,17
BRDA:170,13,0,12
BRDA:170,13,1,3
BRDA:185,14,0,0
BRDA:185,14,1,1
BRDA:206,15,0,2
BRDA:206,15,1,3
BRDA:221,16,0,4
BRDA:221,16,1,36
BRDA:227,17,0,5
BRDA:227,17,1,45
BRDA:232,18,0,1
BRDA:232,18,1,4
BRDA:232,19,0,5
BRDA:232,19,1,4
BRDA:232,19,2,4
BRDA:243,20,0,2
BRDA:243,20,1,3
BRDA:250,21,0,1
BRDA:250,21,1,2
BRDA:250,22,0,3
BRDA:250,22,1,3
BRDA:260,23,0,1
BRDA:260,23,1,1
BRDA:260,24,0,2
BRDA:260,24,1,2
BRDA:270,25,0,0
BRDA:270,25,1,1
BRDA:281,26,0,0
BRDA:281,26,1,1
BRDA:291,27,0,0
BRDA:291,27,1,1
BRDA:308,28,0,0
BRDA:308,28,1,6
BRDA:317,29,0,0
BRDA:317,29,1,6
BRDA:317,30,0,6
BRDA:317,30,1,6
BRDA:327,31,0,2
BRDA:327,31,1,4
BRDA:327,32,0,6
BRDA:327,32,1,6
BRDA:332,33,0,0
BRDA:332,33,1,4
BRDA:351,34,0,0
BRDA:351,34,1,4
BRDA:359,35,0,0
BRDA:359,35,1,4
BRF:74
BRH:61
end_of_record
TN:
SF:/home/jordan/github/capstone/plantdaddy/routes/index.js
FN:5,(anonymous_0)
FNF:1
FNH:0
FNDA:0,(anonymous_0)
DA:1,2
DA:2,2
DA:5,2
DA:6,0
DA:9,2
LF:5
LH:4
BRF:0
BRH:0
end_of_record
TN:
SF:/home/jordan/github/capstone/plantdaddy/routes/plants.js
FN:5,(anonymous_0)
FNF:1
FNH:1
FNDA:9,(anonymous_0)
DA:1,2
DA:2,2
DA:3,2
DA:5,2
DA:6,9
DA:7,3
DA:9,6
DA:13,2
DA:16,2
DA:19,2
DA:22,2
DA:25,2
DA:28,2
DA:31,2
DA:34,2
DA:37,2
DA:39,2
LF:17
LH:17
BRDA:6,0,0,3
BRDA:6,0,1,6
BRF:2
BRH:2
end_of_record
TN:
SF:/home/jordan/github/capstone/plantdaddy/routes/users.js
FN:4,(anonymous_0)
FN:12,(anonymous_1)
FN:14,(anonymous_2)
FNF:3
FNH:3
FNDA:3,(anonymous_0)
FNDA:58,(anonymous_1)
FNDA:2,(anonymous_2)
DA:1,2
DA:2,2
DA:3,2
DA:4,2
DA:5,3
DA:6,2
DA:8,1
DA:12,2
DA:13,58
DA:14,2
DA:15,2
DA:16,0
DA:19,2
DA:22,56
DA:26,2
DA:29,2
DA:32,2
DA:35,2
DA:38,2
DA:41,2
DA:44,2
DA:47,2
DA:50,2
DA:53,2
DA:56,2
DA:58,2
LF:26
LH:25
BRDA:5,0,0,2
BRDA:5,0,1,1
BRDA:13,1,0,2
BRDA:13,1,1,56
BRDA:15,2,0,0
BRDA:15,2,1,2
BRF:6
BRH:5
end_of_record
